[debug] [2020-04-16T11:54:50.413Z] ----------------------------------------------------------------------
[debug] [2020-04-16T11:54:50.415Z] Command:       C:\Program Files\nodejs\node.exe C:\Users\winas\AppData\Roaming\npm\node_modules\firebase-tools\lib\bin\firebase.js deploy
[debug] [2020-04-16T11:54:50.415Z] CLI Version:   7.13.1
[debug] [2020-04-16T11:54:50.415Z] Platform:      win32
[debug] [2020-04-16T11:54:50.415Z] Node Version:  v12.13.1
[debug] [2020-04-16T11:54:50.450Z] Time:          Thu Apr 16 2020 17:24:50 GMT+0530 (India Standard Time)
[debug] [2020-04-16T11:54:50.450Z] ----------------------------------------------------------------------
[debug] [2020-04-16T11:54:50.450Z] 
[debug] [2020-04-16T11:54:50.462Z] > command requires scopes: ["email","openid","https://www.googleapis.com/auth/cloudplatformprojects.readonly","https://www.googleapis.com/auth/firebase","https://www.googleapis.com/auth/cloud-platform"]
[debug] [2020-04-16T11:54:50.463Z] > authorizing via signed-in user
[debug] [2020-04-16T11:54:50.463Z] [iam] checking project covid19-pollachi for permissions ["firebase.projects.get","firebasehosting.sites.update"]
[debug] [2020-04-16T11:54:50.464Z] > refreshing access token with scopes: ["email","https://www.googleapis.com/auth/cloud-platform","https://www.googleapis.com/auth/cloudplatformprojects.readonly","https://www.googleapis.com/auth/firebase","openid"]
[debug] [2020-04-16T11:54:50.465Z] >>> HTTP REQUEST POST https://www.googleapis.com/oauth2/v3/token  
 <request body omitted>
[debug] [2020-04-16T11:54:50.842Z] <<< HTTP RESPONSE 200
[debug] [2020-04-16T11:54:51.020Z] >>> HTTP REQUEST POST https://cloudresourcemanager.googleapis.com/v1/projects/covid19-pollachi:testIamPermissions  

[debug] [2020-04-16T11:54:53.185Z] <<< HTTP RESPONSE 200
[debug] [2020-04-16T11:54:53.187Z] >>> HTTP REQUEST GET https://firebase.googleapis.com/v1beta1/projects/covid19-pollachi  
 
[debug] [2020-04-16T11:55:23.604Z] Server Error. ESOCKETTIMEDOUT
[debug] [2020-04-16T11:55:23.721Z] FirebaseError: Server Error. ESOCKETTIMEDOUT
    at Request._callback (C:\Users\winas\AppData\Roaming\npm\node_modules\firebase-tools\lib\api.js:30:31)
    at self.callback (C:\Users\winas\AppData\Roaming\npm\node_modules\firebase-tools\node_modules\request\request.js:185:22)
    at Request.emit (events.js:210:5)
    at Request.EventEmitter.emit (domain.js:475:20)
    at ClientRequest.<anonymous> (C:\Users\winas\AppData\Roaming\npm\node_modules\firebase-tools\node_modules\request\request.js:819:16)
    at Object.onceWrapper (events.js:299:28)
    at ClientRequest.emit (events.js:210:5)
    at ClientRequest.EventEmitter.emit (domain.js:475:20)
    at TLSSocket.emitRequestTimeout (_http_client.js:690:9)
    at Object.onceWrapper (events.js:299:28)
    at TLSSocket.emit (events.js:210:5)
    at TLSSocket.EventEmitter.emit (domain.js:475:20)
    at TLSSocket.Socket._onTimeout (net.js:469:8)
    at listOnTimeout (internal/timers.js:531:17)
    at processTimers (internal/timers.js:475:7)
[error] 
[error] Error: Failed to get Firebase project covid19-pollachi. Please make sure the project exists and your account has permission to access it.
